mode: set
github.com/aidanlsb/raven/internal/index/database.go:24.33,26.2 1 0
github.com/aidanlsb/raven/internal/index/database.go:29.48,31.49 2 0
github.com/aidanlsb/raven/internal/index/database.go:31.49,33.3 1 0
github.com/aidanlsb/raven/internal/index/database.go:35.2,37.16 3 0
github.com/aidanlsb/raven/internal/index/database.go:37.16,39.3 1 0
github.com/aidanlsb/raven/internal/index/database.go:41.2,42.39 2 0
github.com/aidanlsb/raven/internal/index/database.go:42.39,45.3 2 0
github.com/aidanlsb/raven/internal/index/database.go:47.2,47.15 1 0
github.com/aidanlsb/raven/internal/index/database.go:52.65,57.43 3 0
github.com/aidanlsb/raven/internal/index/database.go:57.43,59.17 2 0
github.com/aidanlsb/raven/internal/index/database.go:59.17,60.31 1 0
github.com/aidanlsb/raven/internal/index/database.go:60.31,69.5 6 0
github.com/aidanlsb/raven/internal/index/database.go:70.4,70.14 1 0
github.com/aidanlsb/raven/internal/index/database.go:75.2,76.23 2 0
github.com/aidanlsb/raven/internal/index/database.go:80.42,84.16 2 0
github.com/aidanlsb/raven/internal/index/database.go:84.16,86.3 1 0
github.com/aidanlsb/raven/internal/index/database.go:87.2,90.18 3 0
github.com/aidanlsb/raven/internal/index/database.go:90.18,95.85 5 0
github.com/aidanlsb/raven/internal/index/database.go:95.85,97.4 1 0
github.com/aidanlsb/raven/internal/index/database.go:98.3,98.22 1 0
github.com/aidanlsb/raven/internal/index/database.go:98.22,100.9 2 0
github.com/aidanlsb/raven/internal/index/database.go:104.2,104.21 1 0
github.com/aidanlsb/raven/internal/index/database.go:104.21,106.3 1 0
github.com/aidanlsb/raven/internal/index/database.go:109.2,111.16 3 0
github.com/aidanlsb/raven/internal/index/database.go:111.16,113.3 1 0
github.com/aidanlsb/raven/internal/index/database.go:117.2,118.16 2 0
github.com/aidanlsb/raven/internal/index/database.go:118.16,120.3 1 0
github.com/aidanlsb/raven/internal/index/database.go:121.2,124.19 3 0
github.com/aidanlsb/raven/internal/index/database.go:124.19,129.86 5 0
github.com/aidanlsb/raven/internal/index/database.go:129.86,131.4 1 0
github.com/aidanlsb/raven/internal/index/database.go:132.3,132.27 1 0
github.com/aidanlsb/raven/internal/index/database.go:132.27,134.9 2 0
github.com/aidanlsb/raven/internal/index/database.go:138.2,138.27 1 0
github.com/aidanlsb/raven/internal/index/database.go:142.40,144.16 2 1
github.com/aidanlsb/raven/internal/index/database.go:144.16,146.3 1 0
github.com/aidanlsb/raven/internal/index/database.go:148.2,149.39 2 1
github.com/aidanlsb/raven/internal/index/database.go:149.39,152.3 2 0
github.com/aidanlsb/raven/internal/index/database.go:154.2,154.15 1 1
github.com/aidanlsb/raven/internal/index/database.go:158.34,160.2 1 1
github.com/aidanlsb/raven/internal/index/database.go:166.39,255.16 3 1
github.com/aidanlsb/raven/internal/index/database.go:255.16,257.3 1 0
github.com/aidanlsb/raven/internal/index/database.go:260.2,262.16 2 1
github.com/aidanlsb/raven/internal/index/database.go:262.16,264.3 1 0
github.com/aidanlsb/raven/internal/index/database.go:266.2,266.12 1 1
github.com/aidanlsb/raven/internal/index/database.go:273.88,275.2 1 1
github.com/aidanlsb/raven/internal/index/database.go:280.114,282.16 2 1
github.com/aidanlsb/raven/internal/index/database.go:282.16,284.3 1 0
github.com/aidanlsb/raven/internal/index/database.go:285.2,288.92 2 1
github.com/aidanlsb/raven/internal/index/database.go:288.92,290.3 1 0
github.com/aidanlsb/raven/internal/index/database.go:291.2,291.91 1 1
github.com/aidanlsb/raven/internal/index/database.go:291.91,293.3 1 0
github.com/aidanlsb/raven/internal/index/database.go:294.2,294.89 1 1
github.com/aidanlsb/raven/internal/index/database.go:294.89,296.3 1 0
github.com/aidanlsb/raven/internal/index/database.go:297.2,297.95 1 1
github.com/aidanlsb/raven/internal/index/database.go:297.95,299.3 1 0
github.com/aidanlsb/raven/internal/index/database.go:300.2,300.96 1 1
github.com/aidanlsb/raven/internal/index/database.go:300.96,302.3 1 0
github.com/aidanlsb/raven/internal/index/database.go:304.2,308.16 3 1
github.com/aidanlsb/raven/internal/index/database.go:308.16,310.3 1 1
github.com/aidanlsb/raven/internal/index/database.go:313.2,317.16 2 1
github.com/aidanlsb/raven/internal/index/database.go:317.16,319.3 1 0
github.com/aidanlsb/raven/internal/index/database.go:320.2,322.34 2 1
github.com/aidanlsb/raven/internal/index/database.go:322.34,324.17 2 1
github.com/aidanlsb/raven/internal/index/database.go:324.17,326.4 1 0
github.com/aidanlsb/raven/internal/index/database.go:328.3,341.17 2 1
github.com/aidanlsb/raven/internal/index/database.go:341.17,343.4 1 0
github.com/aidanlsb/raven/internal/index/database.go:347.2,351.16 2 1
github.com/aidanlsb/raven/internal/index/database.go:351.16,353.3 1 0
github.com/aidanlsb/raven/internal/index/database.go:354.2,359.35 3 1
github.com/aidanlsb/raven/internal/index/database.go:359.35,361.17 1 1
github.com/aidanlsb/raven/internal/index/database.go:361.17,362.59 1 1
github.com/aidanlsb/raven/internal/index/database.go:362.59,363.13 1 1
github.com/aidanlsb/raven/internal/index/database.go:367.3,372.25 4 1
github.com/aidanlsb/raven/internal/index/database.go:372.25,373.43 1 0
github.com/aidanlsb/raven/internal/index/database.go:373.43,375.5 1 0
github.com/aidanlsb/raven/internal/index/database.go:376.9,379.4 1 1
github.com/aidanlsb/raven/internal/index/database.go:381.3,391.21 2 1
github.com/aidanlsb/raven/internal/index/database.go:391.21,393.4 1 0
github.com/aidanlsb/raven/internal/index/database.go:397.2,401.16 2 1
github.com/aidanlsb/raven/internal/index/database.go:401.16,403.3 1 0
github.com/aidanlsb/raven/internal/index/database.go:404.2,406.31 2 1
github.com/aidanlsb/raven/internal/index/database.go:406.31,417.17 2 1
github.com/aidanlsb/raven/internal/index/database.go:417.17,419.4 1 0
github.com/aidanlsb/raven/internal/index/database.go:423.2,427.16 2 1
github.com/aidanlsb/raven/internal/index/database.go:427.16,429.3 1 0
github.com/aidanlsb/raven/internal/index/database.go:430.2,432.34 2 1
github.com/aidanlsb/raven/internal/index/database.go:432.34,433.49 1 1
github.com/aidanlsb/raven/internal/index/database.go:433.49,434.63 1 0
github.com/aidanlsb/raven/internal/index/database.go:434.63,436.19 2 0
github.com/aidanlsb/raven/internal/index/database.go:436.19,438.6 1 0
github.com/aidanlsb/raven/internal/index/database.go:443.2,443.37 1 1
github.com/aidanlsb/raven/internal/index/database.go:443.37,445.17 1 1
github.com/aidanlsb/raven/internal/index/database.go:445.17,446.59 1 1
github.com/aidanlsb/raven/internal/index/database.go:446.59,447.13 1 1
github.com/aidanlsb/raven/internal/index/database.go:451.3,453.25 2 1
github.com/aidanlsb/raven/internal/index/database.go:453.25,454.65 1 0
github.com/aidanlsb/raven/internal/index/database.go:454.65,456.19 2 0
github.com/aidanlsb/raven/internal/index/database.go:456.19,458.6 1 0
github.com/aidanlsb/raven/internal/index/database.go:464.2,468.16 2 1
github.com/aidanlsb/raven/internal/index/database.go:468.16,470.3 1 0
github.com/aidanlsb/raven/internal/index/database.go:471.2,473.34 2 1
github.com/aidanlsb/raven/internal/index/database.go:473.34,476.48 2 1
github.com/aidanlsb/raven/internal/index/database.go:476.48,477.42 1 0
github.com/aidanlsb/raven/internal/index/database.go:477.42,479.5 1 0
github.com/aidanlsb/raven/internal/index/database.go:480.9,480.32 1 1
github.com/aidanlsb/raven/internal/index/database.go:480.32,482.4 1 0
github.com/aidanlsb/raven/internal/index/database.go:482.9,485.4 1 1
github.com/aidanlsb/raven/internal/index/database.go:489.3,490.26 2 1
github.com/aidanlsb/raven/internal/index/database.go:490.26,493.4 1 1
github.com/aidanlsb/raven/internal/index/database.go:495.3,496.17 2 1
github.com/aidanlsb/raven/internal/index/database.go:496.17,498.4 1 0
github.com/aidanlsb/raven/internal/index/database.go:501.2,501.20 1 1
github.com/aidanlsb/raven/internal/index/database.go:510.53,511.32 1 0
github.com/aidanlsb/raven/internal/index/database.go:511.32,513.49 1 0
github.com/aidanlsb/raven/internal/index/database.go:513.49,515.4 1 0
github.com/aidanlsb/raven/internal/index/database.go:517.2,517.11 1 0
github.com/aidanlsb/raven/internal/index/database.go:521.54,522.90 1 0
github.com/aidanlsb/raven/internal/index/database.go:522.90,524.3 1 0
github.com/aidanlsb/raven/internal/index/database.go:525.2,525.89 1 0
github.com/aidanlsb/raven/internal/index/database.go:525.89,527.3 1 0
github.com/aidanlsb/raven/internal/index/database.go:528.2,528.87 1 0
github.com/aidanlsb/raven/internal/index/database.go:528.87,530.3 1 0
github.com/aidanlsb/raven/internal/index/database.go:531.2,531.93 1 0
github.com/aidanlsb/raven/internal/index/database.go:531.93,533.3 1 0
github.com/aidanlsb/raven/internal/index/database.go:534.2,534.94 1 0
github.com/aidanlsb/raven/internal/index/database.go:534.94,536.3 1 0
github.com/aidanlsb/raven/internal/index/database.go:537.2,537.12 1 0
github.com/aidanlsb/raven/internal/index/database.go:543.74,547.16 3 0
github.com/aidanlsb/raven/internal/index/database.go:547.16,549.3 1 0
github.com/aidanlsb/raven/internal/index/database.go:551.2,551.16 1 0
github.com/aidanlsb/raven/internal/index/database.go:551.16,553.3 1 0
github.com/aidanlsb/raven/internal/index/database.go:555.2,556.92 2 0
github.com/aidanlsb/raven/internal/index/database.go:556.92,558.3 1 0
github.com/aidanlsb/raven/internal/index/database.go:559.2,559.91 1 0
github.com/aidanlsb/raven/internal/index/database.go:559.91,561.3 1 0
github.com/aidanlsb/raven/internal/index/database.go:562.2,562.89 1 0
github.com/aidanlsb/raven/internal/index/database.go:562.89,564.3 1 0
github.com/aidanlsb/raven/internal/index/database.go:565.2,565.95 1 0
github.com/aidanlsb/raven/internal/index/database.go:565.95,567.3 1 0
github.com/aidanlsb/raven/internal/index/database.go:568.2,568.96 1 0
github.com/aidanlsb/raven/internal/index/database.go:568.96,570.3 1 0
github.com/aidanlsb/raven/internal/index/database.go:571.2,571.19 1 0
github.com/aidanlsb/raven/internal/index/database.go:575.58,581.111 2 0
github.com/aidanlsb/raven/internal/index/database.go:581.111,583.3 1 0
github.com/aidanlsb/raven/internal/index/database.go:586.2,586.89 1 0
github.com/aidanlsb/raven/internal/index/database.go:586.89,588.3 1 0
github.com/aidanlsb/raven/internal/index/database.go:589.2,589.87 1 0
github.com/aidanlsb/raven/internal/index/database.go:589.87,591.3 1 0
github.com/aidanlsb/raven/internal/index/database.go:592.2,592.93 1 0
github.com/aidanlsb/raven/internal/index/database.go:592.93,594.3 1 0
github.com/aidanlsb/raven/internal/index/database.go:595.2,595.94 1 0
github.com/aidanlsb/raven/internal/index/database.go:595.94,597.3 1 0
github.com/aidanlsb/raven/internal/index/database.go:598.2,598.12 1 0
github.com/aidanlsb/raven/internal/index/database.go:602.49,605.95 2 1
github.com/aidanlsb/raven/internal/index/database.go:605.95,607.3 1 0
github.com/aidanlsb/raven/internal/index/database.go:608.2,608.93 1 1
github.com/aidanlsb/raven/internal/index/database.go:608.93,610.3 1 0
github.com/aidanlsb/raven/internal/index/database.go:611.2,611.89 1 1
github.com/aidanlsb/raven/internal/index/database.go:611.89,613.3 1 0
github.com/aidanlsb/raven/internal/index/database.go:614.2,614.110 1 1
github.com/aidanlsb/raven/internal/index/database.go:614.110,616.3 1 0
github.com/aidanlsb/raven/internal/index/database.go:618.2,618.20 1 1
github.com/aidanlsb/raven/internal/index/database.go:630.53,632.16 2 1
github.com/aidanlsb/raven/internal/index/database.go:632.16,634.3 1 0
github.com/aidanlsb/raven/internal/index/database.go:635.2,638.18 3 1
github.com/aidanlsb/raven/internal/index/database.go:638.18,640.40 2 1
github.com/aidanlsb/raven/internal/index/database.go:640.40,642.4 1 0
github.com/aidanlsb/raven/internal/index/database.go:643.3,643.24 1 1
github.com/aidanlsb/raven/internal/index/database.go:646.2,646.24 1 1
github.com/aidanlsb/raven/internal/index/database.go:650.78,652.27 2 1
github.com/aidanlsb/raven/internal/index/database.go:652.27,654.3 1 0
github.com/aidanlsb/raven/internal/index/database.go:655.2,655.15 1 1
github.com/aidanlsb/raven/internal/index/database.go:661.72,662.16 1 1
github.com/aidanlsb/raven/internal/index/database.go:662.16,664.3 1 0
github.com/aidanlsb/raven/internal/index/database.go:666.2,667.32 2 1
github.com/aidanlsb/raven/internal/index/database.go:667.32,669.3 1 0
github.com/aidanlsb/raven/internal/index/database.go:672.2,672.29 1 1
github.com/aidanlsb/raven/internal/index/database.go:672.29,675.27 1 1
github.com/aidanlsb/raven/internal/index/database.go:675.27,677.4 1 1
github.com/aidanlsb/raven/internal/index/database.go:678.3,678.13 1 0
github.com/aidanlsb/raven/internal/index/database.go:682.2,682.38 1 1
github.com/aidanlsb/raven/internal/index/database.go:683.14,684.11 1 1
github.com/aidanlsb/raven/internal/index/database.go:685.12,686.8 1 1
github.com/aidanlsb/raven/internal/index/database.go:686.8,688.4 1 1
github.com/aidanlsb/raven/internal/index/database.go:689.3,689.17 1 0
github.com/aidanlsb/raven/internal/index/database.go:690.27,691.30 1 0
github.com/aidanlsb/raven/internal/index/database.go:692.10,693.30 1 0
github.com/aidanlsb/raven/internal/index/database.go:707.77,716.16 3 0
github.com/aidanlsb/raven/internal/index/database.go:716.16,718.3 1 0
github.com/aidanlsb/raven/internal/index/database.go:719.2,721.18 2 0
github.com/aidanlsb/raven/internal/index/database.go:721.18,725.61 3 0
github.com/aidanlsb/raven/internal/index/database.go:725.61,727.4 1 0
github.com/aidanlsb/raven/internal/index/database.go:729.3,734.17 4 0
github.com/aidanlsb/raven/internal/index/database.go:734.17,738.12 3 0
github.com/aidanlsb/raven/internal/index/database.go:741.3,745.63 3 0
github.com/aidanlsb/raven/internal/index/database.go:745.63,748.4 2 0
github.com/aidanlsb/raven/internal/index/database.go:751.2,751.25 1 0
github.com/aidanlsb/raven/internal/index/database.go:755.65,763.26 3 0
github.com/aidanlsb/raven/internal/index/database.go:763.26,765.3 1 0
github.com/aidanlsb/raven/internal/index/database.go:766.2,766.16 1 0
github.com/aidanlsb/raven/internal/index/database.go:766.16,768.3 1 0
github.com/aidanlsb/raven/internal/index/database.go:769.2,769.18 1 0
github.com/aidanlsb/raven/internal/index/database.go:769.18,771.3 1 0
github.com/aidanlsb/raven/internal/index/database.go:772.2,772.25 1 0
github.com/aidanlsb/raven/internal/index/database.go:777.74,779.16 2 0
github.com/aidanlsb/raven/internal/index/database.go:779.16,781.3 1 0
github.com/aidanlsb/raven/internal/index/database.go:784.2,784.23 1 0
github.com/aidanlsb/raven/internal/index/database.go:784.23,786.3 1 0
github.com/aidanlsb/raven/internal/index/database.go:789.2,791.16 3 0
github.com/aidanlsb/raven/internal/index/database.go:791.16,794.3 1 0
github.com/aidanlsb/raven/internal/index/database.go:796.2,796.50 1 0
github.com/aidanlsb/raven/internal/index/database.go:810.97,815.16 3 1
github.com/aidanlsb/raven/internal/index/database.go:815.16,817.3 1 0
github.com/aidanlsb/raven/internal/index/database.go:820.2,826.16 3 1
github.com/aidanlsb/raven/internal/index/database.go:826.16,828.3 1 0
github.com/aidanlsb/raven/internal/index/database.go:829.2,837.18 4 1
github.com/aidanlsb/raven/internal/index/database.go:837.18,839.56 2 1
github.com/aidanlsb/raven/internal/index/database.go:839.56,841.4 1 0
github.com/aidanlsb/raven/internal/index/database.go:842.3,842.25 1 1
github.com/aidanlsb/raven/internal/index/database.go:844.2,844.35 1 1
github.com/aidanlsb/raven/internal/index/database.go:844.35,846.3 1 0
github.com/aidanlsb/raven/internal/index/database.go:848.2,852.16 3 1
github.com/aidanlsb/raven/internal/index/database.go:852.16,854.3 1 0
github.com/aidanlsb/raven/internal/index/database.go:855.2,858.16 3 1
github.com/aidanlsb/raven/internal/index/database.go:858.16,860.3 1 0
github.com/aidanlsb/raven/internal/index/database.go:861.2,863.27 2 1
github.com/aidanlsb/raven/internal/index/database.go:863.27,865.25 2 1
github.com/aidanlsb/raven/internal/index/database.go:865.25,868.4 2 0
github.com/aidanlsb/raven/internal/index/database.go:868.9,868.37 1 1
github.com/aidanlsb/raven/internal/index/database.go:868.37,869.66 1 1
github.com/aidanlsb/raven/internal/index/database.go:869.66,871.5 1 0
github.com/aidanlsb/raven/internal/index/database.go:872.4,872.21 1 1
github.com/aidanlsb/raven/internal/index/database.go:873.9,875.4 1 1
github.com/aidanlsb/raven/internal/index/database.go:878.2,878.36 1 1
github.com/aidanlsb/raven/internal/index/database.go:878.36,880.3 1 0
github.com/aidanlsb/raven/internal/index/database.go:882.2,882.20 1 1
github.com/aidanlsb/raven/internal/index/dates.go:18.105,22.16 3 1
github.com/aidanlsb/raven/internal/index/dates.go:23.15,24.55 1 1
github.com/aidanlsb/raven/internal/index/dates.go:26.19,28.59 2 1
github.com/aidanlsb/raven/internal/index/dates.go:30.18,32.58 2 1
github.com/aidanlsb/raven/internal/index/dates.go:34.19,38.19 3 1
github.com/aidanlsb/raven/internal/index/dates.go:38.19,40.4 1 1
github.com/aidanlsb/raven/internal/index/dates.go:41.3,44.46 3 1
github.com/aidanlsb/raven/internal/index/dates.go:46.19,49.19 3 1
github.com/aidanlsb/raven/internal/index/dates.go:49.19,51.4 1 1
github.com/aidanlsb/raven/internal/index/dates.go:52.3,55.54 3 1
github.com/aidanlsb/raven/internal/index/dates.go:57.14,59.29 1 1
github.com/aidanlsb/raven/internal/index/dates.go:61.16,63.29 1 1
github.com/aidanlsb/raven/internal/index/dates.go:65.10,67.56 1 1
github.com/aidanlsb/raven/internal/index/dates.go:72.78,74.16 2 0
github.com/aidanlsb/raven/internal/index/dates.go:74.16,76.3 1 0
github.com/aidanlsb/raven/internal/index/dates.go:78.2,80.16 3 0
github.com/aidanlsb/raven/internal/index/dates.go:80.16,82.3 1 0
github.com/aidanlsb/raven/internal/index/dates.go:83.2,86.18 3 0
github.com/aidanlsb/raven/internal/index/dates.go:86.18,88.124 2 0
github.com/aidanlsb/raven/internal/index/dates.go:88.124,90.4 1 0
github.com/aidanlsb/raven/internal/index/dates.go:91.3,91.36 1 0
github.com/aidanlsb/raven/internal/index/dates.go:94.2,94.28 1 0
github.com/aidanlsb/raven/internal/index/queries.go:45.94,53.46 3 1
github.com/aidanlsb/raven/internal/index/queries.go:53.46,57.3 3 1
github.com/aidanlsb/raven/internal/index/queries.go:59.2,62.16 3 1
github.com/aidanlsb/raven/internal/index/queries.go:62.16,64.3 1 0
github.com/aidanlsb/raven/internal/index/queries.go:65.2,68.18 3 1
github.com/aidanlsb/raven/internal/index/queries.go:68.18,70.148 2 1
github.com/aidanlsb/raven/internal/index/queries.go:70.148,72.4 1 0
github.com/aidanlsb/raven/internal/index/queries.go:73.3,73.36 1 1
github.com/aidanlsb/raven/internal/index/queries.go:76.2,76.28 1 1
github.com/aidanlsb/raven/internal/index/queries.go:85.100,90.29 3 1
github.com/aidanlsb/raven/internal/index/queries.go:90.29,92.17 2 1
github.com/aidanlsb/raven/internal/index/queries.go:92.17,93.12 1 1
github.com/aidanlsb/raven/internal/index/queries.go:97.3,98.35 2 1
github.com/aidanlsb/raven/internal/index/queries.go:98.35,101.4 2 1
github.com/aidanlsb/raven/internal/index/queries.go:104.3,106.35 3 1
github.com/aidanlsb/raven/internal/index/queries.go:109.2,109.26 1 1
github.com/aidanlsb/raven/internal/index/queries.go:109.26,111.3 1 1
github.com/aidanlsb/raven/internal/index/queries.go:113.2,113.26 1 1
github.com/aidanlsb/raven/internal/index/queries.go:113.26,115.3 1 1
github.com/aidanlsb/raven/internal/index/queries.go:118.2,118.59 1 1
github.com/aidanlsb/raven/internal/index/queries.go:122.120,124.25 1 1
github.com/aidanlsb/raven/internal/index/queries.go:124.25,127.16 2 1
github.com/aidanlsb/raven/internal/index/queries.go:127.16,132.4 1 1
github.com/aidanlsb/raven/internal/index/queries.go:133.3,133.33 1 1
github.com/aidanlsb/raven/internal/index/queries.go:137.2,137.15 1 1
github.com/aidanlsb/raven/internal/index/queries.go:137.15,139.3 1 1
github.com/aidanlsb/raven/internal/index/queries.go:140.2,140.49 1 1
github.com/aidanlsb/raven/internal/index/queries.go:144.39,146.15 2 1
github.com/aidanlsb/raven/internal/index/queries.go:147.84,148.14 1 1
github.com/aidanlsb/raven/internal/index/queries.go:151.2,151.63 1 1
github.com/aidanlsb/raven/internal/index/queries.go:151.63,153.3 1 0
github.com/aidanlsb/raven/internal/index/queries.go:154.2,154.14 1 1
github.com/aidanlsb/raven/internal/index/queries.go:159.95,160.26 1 0
github.com/aidanlsb/raven/internal/index/queries.go:160.26,162.3 1 0
github.com/aidanlsb/raven/internal/index/queries.go:164.2,166.31 3 0
github.com/aidanlsb/raven/internal/index/queries.go:166.31,169.3 2 0
github.com/aidanlsb/raven/internal/index/queries.go:171.2,178.16 3 0
github.com/aidanlsb/raven/internal/index/queries.go:178.16,180.3 1 0
github.com/aidanlsb/raven/internal/index/queries.go:181.2,184.18 3 0
github.com/aidanlsb/raven/internal/index/queries.go:184.18,186.148 2 0
github.com/aidanlsb/raven/internal/index/queries.go:186.148,188.4 1 0
github.com/aidanlsb/raven/internal/index/queries.go:189.3,189.72 1 0
github.com/aidanlsb/raven/internal/index/queries.go:192.2,192.28 1 0
github.com/aidanlsb/raven/internal/index/queries.go:196.91,204.16 3 0
github.com/aidanlsb/raven/internal/index/queries.go:204.16,206.3 1 0
github.com/aidanlsb/raven/internal/index/queries.go:207.2,210.18 3 0
github.com/aidanlsb/raven/internal/index/queries.go:210.18,212.148 2 0
github.com/aidanlsb/raven/internal/index/queries.go:212.148,214.4 1 0
github.com/aidanlsb/raven/internal/index/queries.go:215.3,215.36 1 0
github.com/aidanlsb/raven/internal/index/queries.go:218.2,218.28 1 0
github.com/aidanlsb/raven/internal/index/queries.go:222.76,227.16 2 0
github.com/aidanlsb/raven/internal/index/queries.go:227.16,229.3 1 0
github.com/aidanlsb/raven/internal/index/queries.go:230.2,233.18 3 0
github.com/aidanlsb/raven/internal/index/queries.go:233.18,235.114 2 0
github.com/aidanlsb/raven/internal/index/queries.go:235.114,237.4 1 0
github.com/aidanlsb/raven/internal/index/queries.go:238.3,238.36 1 0
github.com/aidanlsb/raven/internal/index/queries.go:241.2,241.28 1 0
github.com/aidanlsb/raven/internal/index/queries.go:245.73,255.16 3 0
github.com/aidanlsb/raven/internal/index/queries.go:255.16,257.3 1 0
github.com/aidanlsb/raven/internal/index/queries.go:258.2,261.18 3 0
github.com/aidanlsb/raven/internal/index/queries.go:261.18,264.119 3 0
github.com/aidanlsb/raven/internal/index/queries.go:264.119,266.4 1 0
github.com/aidanlsb/raven/internal/index/queries.go:267.3,267.23 1 0
github.com/aidanlsb/raven/internal/index/queries.go:267.23,269.4 1 0
github.com/aidanlsb/raven/internal/index/queries.go:270.3,270.36 1 0
github.com/aidanlsb/raven/internal/index/queries.go:273.2,273.28 1 0
github.com/aidanlsb/raven/internal/index/queries.go:277.64,284.26 3 0
github.com/aidanlsb/raven/internal/index/queries.go:284.26,286.3 1 0
github.com/aidanlsb/raven/internal/index/queries.go:287.2,287.16 1 0
github.com/aidanlsb/raven/internal/index/queries.go:287.16,289.3 1 0
github.com/aidanlsb/raven/internal/index/queries.go:291.2,291.21 1 0
github.com/aidanlsb/raven/internal/index/queries.go:295.62,302.26 3 0
github.com/aidanlsb/raven/internal/index/queries.go:302.26,304.3 1 0
github.com/aidanlsb/raven/internal/index/queries.go:305.2,305.16 1 0
github.com/aidanlsb/raven/internal/index/queries.go:305.16,307.3 1 0
github.com/aidanlsb/raven/internal/index/queries.go:309.2,309.21 1 0
github.com/aidanlsb/raven/internal/index/queries.go:322.75,327.16 2 0
github.com/aidanlsb/raven/internal/index/queries.go:327.16,329.3 1 0
github.com/aidanlsb/raven/internal/index/queries.go:330.2,333.18 3 0
github.com/aidanlsb/raven/internal/index/queries.go:333.18,335.124 2 0
github.com/aidanlsb/raven/internal/index/queries.go:335.124,337.4 1 0
github.com/aidanlsb/raven/internal/index/queries.go:338.3,338.36 1 0
github.com/aidanlsb/raven/internal/index/queries.go:341.2,341.28 1 0
github.com/aidanlsb/raven/internal/index/queries.go:345.53,349.16 2 0
github.com/aidanlsb/raven/internal/index/queries.go:349.16,351.3 1 0
github.com/aidanlsb/raven/internal/index/queries.go:352.2,355.18 3 0
github.com/aidanlsb/raven/internal/index/queries.go:355.18,357.42 2 0
github.com/aidanlsb/raven/internal/index/queries.go:357.42,359.4 1 0
github.com/aidanlsb/raven/internal/index/queries.go:360.3,360.34 1 0
github.com/aidanlsb/raven/internal/index/queries.go:363.2,363.28 1 0
github.com/aidanlsb/raven/internal/index/queries.go:383.76,384.16 1 0
github.com/aidanlsb/raven/internal/index/queries.go:384.16,386.3 1 0
github.com/aidanlsb/raven/internal/index/queries.go:390.2,402.16 2 0
github.com/aidanlsb/raven/internal/index/queries.go:402.16,404.3 1 0
github.com/aidanlsb/raven/internal/index/queries.go:405.2,408.18 3 0
github.com/aidanlsb/raven/internal/index/queries.go:408.18,410.117 2 0
github.com/aidanlsb/raven/internal/index/queries.go:410.117,412.4 1 0
github.com/aidanlsb/raven/internal/index/queries.go:413.3,413.36 1 0
github.com/aidanlsb/raven/internal/index/queries.go:416.2,416.28 1 0
github.com/aidanlsb/raven/internal/index/queries.go:420.103,421.16 1 0
github.com/aidanlsb/raven/internal/index/queries.go:421.16,423.3 1 0
github.com/aidanlsb/raven/internal/index/queries.go:425.2,438.16 2 0
github.com/aidanlsb/raven/internal/index/queries.go:438.16,440.3 1 0
github.com/aidanlsb/raven/internal/index/queries.go:441.2,444.18 3 0
github.com/aidanlsb/raven/internal/index/queries.go:444.18,446.117 2 0
github.com/aidanlsb/raven/internal/index/queries.go:446.117,448.4 1 0
github.com/aidanlsb/raven/internal/index/queries.go:449.3,449.36 1 0
github.com/aidanlsb/raven/internal/index/queries.go:452.2,452.28 1 0
