mode: set
github.com/aidanlsb/raven/internal/check/validator.go:72.42,73.11 1 1
github.com/aidanlsb/raven/internal/check/validator.go:74.25,75.19 1 1
github.com/aidanlsb/raven/internal/check/validator.go:76.26,77.20 1 1
github.com/aidanlsb/raven/internal/check/validator.go:78.10,79.19 1 1
github.com/aidanlsb/raven/internal/check/validator.go:91.37,92.11 1 1
github.com/aidanlsb/raven/internal/check/validator.go:93.18,94.17 1 1
github.com/aidanlsb/raven/internal/check/validator.go:95.20,96.16 1 1
github.com/aidanlsb/raven/internal/check/validator.go:97.10,98.19 1 0
github.com/aidanlsb/raven/internal/check/validator.go:112.68,114.31 2 1
github.com/aidanlsb/raven/internal/check/validator.go:114.31,116.3 1 1
github.com/aidanlsb/raven/internal/check/validator.go:118.2,124.3 1 1
github.com/aidanlsb/raven/internal/check/validator.go:128.49,130.36 2 0
github.com/aidanlsb/raven/internal/check/validator.go:130.36,132.3 1 0
github.com/aidanlsb/raven/internal/check/validator.go:133.2,133.13 1 0
github.com/aidanlsb/raven/internal/check/validator.go:137.57,139.42 2 0
github.com/aidanlsb/raven/internal/check/validator.go:139.42,141.3 1 0
github.com/aidanlsb/raven/internal/check/validator.go:142.2,142.15 1 0
github.com/aidanlsb/raven/internal/check/validator.go:146.104,147.44 1 1
github.com/aidanlsb/raven/internal/check/validator.go:147.44,148.32 1 1
github.com/aidanlsb/raven/internal/check/validator.go:148.32,151.66 1 0
github.com/aidanlsb/raven/internal/check/validator.go:151.66,153.5 1 0
github.com/aidanlsb/raven/internal/check/validator.go:156.2,156.30 1 1
github.com/aidanlsb/raven/internal/check/validator.go:160.74,165.34 3 1
github.com/aidanlsb/raven/internal/check/validator.go:165.34,166.43 1 1
github.com/aidanlsb/raven/internal/check/validator.go:166.43,176.4 1 0
github.com/aidanlsb/raven/internal/check/validator.go:177.3,177.31 1 1
github.com/aidanlsb/raven/internal/check/validator.go:181.2,181.34 1 1
github.com/aidanlsb/raven/internal/check/validator.go:181.34,183.3 1 1
github.com/aidanlsb/raven/internal/check/validator.go:186.2,186.35 1 1
github.com/aidanlsb/raven/internal/check/validator.go:186.35,188.3 1 1
github.com/aidanlsb/raven/internal/check/validator.go:191.2,191.31 1 1
github.com/aidanlsb/raven/internal/check/validator.go:191.31,193.3 1 1
github.com/aidanlsb/raven/internal/check/validator.go:195.2,195.15 1 1
github.com/aidanlsb/raven/internal/check/validator.go:198.87,203.76 3 1
github.com/aidanlsb/raven/internal/check/validator.go:203.76,215.3 2 0
github.com/aidanlsb/raven/internal/check/validator.go:218.2,218.78 1 1
github.com/aidanlsb/raven/internal/check/validator.go:218.78,221.28 1 0
github.com/aidanlsb/raven/internal/check/validator.go:221.28,230.4 1 0
github.com/aidanlsb/raven/internal/check/validator.go:234.2,234.20 1 1
github.com/aidanlsb/raven/internal/check/validator.go:234.20,236.35 2 1
github.com/aidanlsb/raven/internal/check/validator.go:236.35,245.4 1 1
github.com/aidanlsb/raven/internal/check/validator.go:248.3,248.51 1 1
github.com/aidanlsb/raven/internal/check/validator.go:248.51,249.23 1 1
github.com/aidanlsb/raven/internal/check/validator.go:249.23,250.13 1 0
github.com/aidanlsb/raven/internal/check/validator.go:253.4,254.17 2 1
github.com/aidanlsb/raven/internal/check/validator.go:254.17,255.13 1 1
github.com/aidanlsb/raven/internal/check/validator.go:259.4,259.44 1 1
github.com/aidanlsb/raven/internal/check/validator.go:259.44,260.48 1 0
github.com/aidanlsb/raven/internal/check/validator.go:260.48,268.6 3 0
github.com/aidanlsb/raven/internal/check/validator.go:272.4,272.49 1 1
github.com/aidanlsb/raven/internal/check/validator.go:272.49,273.44 1 0
github.com/aidanlsb/raven/internal/check/validator.go:273.44,274.31 1 0
github.com/aidanlsb/raven/internal/check/validator.go:274.31,275.44 1 0
github.com/aidanlsb/raven/internal/check/validator.go:275.44,282.8 3 0
github.com/aidanlsb/raven/internal/check/validator.go:289.3,289.51 1 1
github.com/aidanlsb/raven/internal/check/validator.go:289.51,290.44 1 0
github.com/aidanlsb/raven/internal/check/validator.go:290.44,292.56 1 0
github.com/aidanlsb/raven/internal/check/validator.go:292.56,303.6 1 0
github.com/aidanlsb/raven/internal/check/validator.go:308.3,308.51 1 1
github.com/aidanlsb/raven/internal/check/validator.go:308.51,309.63 1 0
github.com/aidanlsb/raven/internal/check/validator.go:309.63,311.21 2 0
github.com/aidanlsb/raven/internal/check/validator.go:311.21,322.14 2 0
github.com/aidanlsb/raven/internal/check/validator.go:326.5,326.46 1 0
github.com/aidanlsb/raven/internal/check/validator.go:326.46,328.12 2 0
github.com/aidanlsb/raven/internal/check/validator.go:328.12,330.47 2 0
github.com/aidanlsb/raven/internal/check/validator.go:330.47,331.31 1 0
github.com/aidanlsb/raven/internal/check/validator.go:331.31,333.14 2 0
github.com/aidanlsb/raven/internal/check/validator.go:336.7,336.22 1 0
github.com/aidanlsb/raven/internal/check/validator.go:336.22,347.8 1 0
github.com/aidanlsb/raven/internal/check/validator.go:355.3,361.37 2 1
github.com/aidanlsb/raven/internal/check/validator.go:361.37,363.31 1 1
github.com/aidanlsb/raven/internal/check/validator.go:363.31,364.13 1 0
github.com/aidanlsb/raven/internal/check/validator.go:367.4,367.56 1 1
github.com/aidanlsb/raven/internal/check/validator.go:367.56,368.13 1 1
github.com/aidanlsb/raven/internal/check/validator.go:371.4,371.42 1 1
github.com/aidanlsb/raven/internal/check/validator.go:371.42,372.13 1 0
github.com/aidanlsb/raven/internal/check/validator.go:375.4,384.6 1 1
github.com/aidanlsb/raven/internal/check/validator.go:388.2,388.15 1 1
github.com/aidanlsb/raven/internal/check/validator.go:391.87,396.13 3 1
github.com/aidanlsb/raven/internal/check/validator.go:396.13,410.3 3 0
github.com/aidanlsb/raven/internal/check/validator.go:413.2,413.26 1 1
github.com/aidanlsb/raven/internal/check/validator.go:413.26,415.23 1 0
github.com/aidanlsb/raven/internal/check/validator.go:415.23,425.4 1 0
github.com/aidanlsb/raven/internal/check/validator.go:426.8,428.24 1 1
github.com/aidanlsb/raven/internal/check/validator.go:428.24,429.31 1 0
github.com/aidanlsb/raven/internal/check/validator.go:429.31,439.5 1 0
github.com/aidanlsb/raven/internal/check/validator.go:440.9,440.51 1 1
github.com/aidanlsb/raven/internal/check/validator.go:440.51,444.44 3 1
github.com/aidanlsb/raven/internal/check/validator.go:444.44,445.28 1 1
github.com/aidanlsb/raven/internal/check/validator.go:445.28,447.11 2 0
github.com/aidanlsb/raven/internal/check/validator.go:450.4,450.19 1 1
github.com/aidanlsb/raven/internal/check/validator.go:450.19,460.5 1 1
github.com/aidanlsb/raven/internal/check/validator.go:464.2,464.15 1 1
github.com/aidanlsb/raven/internal/check/validator.go:467.81,469.2 1 1
github.com/aidanlsb/raven/internal/check/validator.go:473.138,478.22 3 1
github.com/aidanlsb/raven/internal/check/validator.go:478.22,488.3 1 0
github.com/aidanlsb/raven/internal/check/validator.go:488.8,488.34 1 1
github.com/aidanlsb/raven/internal/check/validator.go:488.34,492.23 3 1
github.com/aidanlsb/raven/internal/check/validator.go:492.23,495.4 2 0
github.com/aidanlsb/raven/internal/check/validator.go:495.9,498.34 2 1
github.com/aidanlsb/raven/internal/check/validator.go:498.34,501.5 2 0
github.com/aidanlsb/raven/internal/check/validator.go:501.10,503.5 1 1
github.com/aidanlsb/raven/internal/check/validator.go:506.3,518.94 2 1
github.com/aidanlsb/raven/internal/check/validator.go:521.2,521.15 1 1
github.com/aidanlsb/raven/internal/check/validator.go:525.124,530.55 2 1
github.com/aidanlsb/raven/internal/check/validator.go:530.55,531.47 1 0
github.com/aidanlsb/raven/internal/check/validator.go:531.47,533.4 1 0
github.com/aidanlsb/raven/internal/check/validator.go:534.3,534.23 1 0
github.com/aidanlsb/raven/internal/check/validator.go:534.23,541.4 5 0
github.com/aidanlsb/raven/internal/check/validator.go:544.2,552.22 2 1
github.com/aidanlsb/raven/internal/check/validator.go:552.22,557.3 3 0
github.com/aidanlsb/raven/internal/check/validator.go:557.8,562.3 3 1
github.com/aidanlsb/raven/internal/check/validator.go:564.2,564.41 1 1
github.com/aidanlsb/raven/internal/check/validator.go:568.96,571.54 2 0
github.com/aidanlsb/raven/internal/check/validator.go:571.54,574.15 2 0
github.com/aidanlsb/raven/internal/check/validator.go:574.15,576.4 1 0
github.com/aidanlsb/raven/internal/check/validator.go:578.3,578.34 1 0
github.com/aidanlsb/raven/internal/check/validator.go:578.34,580.4 1 0
github.com/aidanlsb/raven/internal/check/validator.go:581.3,581.9 1 0
github.com/aidanlsb/raven/internal/check/validator.go:584.2,591.3 1 0
github.com/aidanlsb/raven/internal/check/validator.go:594.34,595.22 1 0
github.com/aidanlsb/raven/internal/check/validator.go:595.22,596.15 1 0
github.com/aidanlsb/raven/internal/check/validator.go:596.15,598.4 1 0
github.com/aidanlsb/raven/internal/check/validator.go:600.2,600.14 1 0
